Arguments: 
  C:\Program Files\nodejs\node.exe C:\Users\maari\AppData\Roaming\npm\node_modules\yarn\bin\yarn.js add -D @types/node typescriptyarn add -D nodemon

PATH: 
  C:\WINDOWS\system32;C:\WINDOWS;C:\WINDOWS\System32\Wbem;C:\WINDOWS\System32\WindowsPowerShell\v1.0\;C:\WINDOWS\System32\OpenSSH\;C:\Program Files\nodejs\;C:\Program Files\Git\cmd;C:\Users\maari\AppData\Local\Programs\Python\Python39\Scripts\;C:\Users\maari\AppData\Local\Programs\Python\Python39\;C:\Users\maari\AppData\Local\Microsoft\WindowsApps;C:\Users\maari\AppData\Local\Programs\Microsoft VS Code\bin;C:\Users\maari\AppData\Roaming\npm

Yarn version: 
  1.22.10

Node version: 
  14.15.0

Platform: 
  win32 x64

Trace: 
  Error: https://registry.yarnpkg.com/typescriptyarn: Not found
      at Request.params.callback [as _callback] (C:\Users\maari\AppData\Roaming\npm\node_modules\yarn\lib\cli.js:66988:18)
      at Request.self.callback (C:\Users\maari\AppData\Roaming\npm\node_modules\yarn\lib\cli.js:140662:22)
      at Request.emit (events.js:315:20)
      at Request.<anonymous> (C:\Users\maari\AppData\Roaming\npm\node_modules\yarn\lib\cli.js:141634:10)
      at Request.emit (events.js:315:20)
      at IncomingMessage.<anonymous> (C:\Users\maari\AppData\Roaming\npm\node_modules\yarn\lib\cli.js:141556:12)
      at Object.onceWrapper (events.js:421:28)
      at IncomingMessage.emit (events.js:327:22)
      at endReadableNT (_stream_readable.js:1327:12)
      at processTicksAndRejections (internal/process/task_queues.js:80:21)

npm manifest: 
  {
    "name": "lireddit-serve",
    "version": "1.0.0",
    "description": "",
    "main": "index.js",
    "scripts": {
      "watch":"tsc -w",
      "start": "ts-node dist/index.js",
      "start2": "ts-node src/index.ts"
    },
    "keywords": [],
    "author": "",
    "license": "ISC",
    "devDependencies": {
      "@types/node": "^14.14.35",
      "typescript": "^4.2.3"
    }
  }

yarn manifest: 
  No manifest

Lockfile: 
  # THIS IS AN AUTOGENERATED FILE. DO NOT EDIT THIS FILE DIRECTLY.
  # yarn lockfile v1
  
  
  "@types/node@^14.14.35":
    version "14.14.35"
    resolved "https://registry.yarnpkg.com/@types/node/-/node-14.14.35.tgz#42c953a4e2b18ab931f72477e7012172f4ffa313"
    integrity sha512-Lt+wj8NVPx0zUmUwumiVXapmaLUcAk3yPuHCFVXras9k5VT9TdhJqKqGVUQCD60OTMCl0qxJ57OiTL0Mic3Iag==
  
  typescript@^4.2.3:
    version "4.2.3"
    resolved "https://registry.yarnpkg.com/typescript/-/typescript-4.2.3.tgz#39062d8019912d43726298f09493d598048c1ce3"
    integrity sha512-qOcYwxaByStAWrBf4x0fibwZvMRG+r4cQoTjbPtUlrWjBHbmCAww1i448U0GJ+3cNNEtebDteo/cHOR3xJ4wEw==
